<?xml version="1.0" encoding="UTF-8"?>
<!-- Generated by org.testng.reporters.JUnitXMLReporter -->
<testsuite ignored="3" hostname="IN-1N8Z9K3" failures="2" tests="8" name="Test" time="16.502" errors="0" timestamp="2023-04-12T12:43:17 IST">
  <testcase classname="tests.TestGET" name="pingRequest" time="2.371"/>
  <testcase classname="tests.TestGET" name="getReq" time="1.405">
    <failure type="java.lang.AssertionError" message="expected [200] but found [404]">
      <![CDATA[java.lang.AssertionError: expected [200] but found [404]
at tests.TestGET.getReq(TestGET.java:59)
at java.base/java.util.ArrayList.forEach(ArrayList.java:1540)
... Removed 37 stack frames]]>
    </failure>
  </testcase> <!-- getReq -->
  <testcase classname="tests.TestPOST" name="pingRequest" time="1.384"/>
  <testcase classname="tests.TestPOST" name="postReq" time="1.851"/>
  <testcase classname="tests.TestPUT" name="pingRequest" time="1.42"/>
  <testcase classname="tests.TestPUT" name="putReq" time="2.868">
    <failure type="java.lang.AssertionError" message="expected [200] but found [405]">
      <![CDATA[java.lang.AssertionError: expected [200] but found [405]
at tests.TestPUT.putReq(TestPUT.java:57)
at java.base/java.util.ArrayList.forEach(ArrayList.java:1540)
... Removed 37 stack frames]]>
    </failure>
  </testcase> <!-- putReq -->
  <testcase classname="tests.TestDELETE" name="pingRequest" time="1.43"/>
  <testcase classname="tests.TestDELETE" name="deleteReq" time="2.844"/>
  <testcase classname="baseClass.BasePage" name="@BeforeSuite init" time="0.0">
    <ignored/>
  </testcase> <!-- @BeforeSuite init -->
  <testcase classname="baseClass.BasePage" name="@BeforeSuite init" time="0.0">
    <ignored/>
  </testcase> <!-- @BeforeSuite init -->
  <testcase classname="baseClass.BasePage" name="@BeforeSuite init" time="0.0">
    <ignored/>
  </testcase> <!-- @BeforeSuite init -->
</testsuite> <!-- Test -->
