<?xml version="1.0" encoding="UTF-8"?>
<!-- Generated by org.testng.reporters.JUnitXMLReporter -->
<testsuite ignored="3" hostname="IN-1N8Z9K3" failures="0" tests="8" name="Test" time="16.348" errors="0" timestamp="2023-04-12T13:15:40 IST">
  <testcase classname="tests.TestGET" name="pingRequest" time="2.267"/>
  <testcase classname="tests.TestGET" name="getReq" time="1.527"/>
  <testcase classname="tests.TestPOST" name="pingRequest" time="1.377"/>
  <testcase classname="tests.TestPOST" name="postReq" time="1.933"/>
  <testcase classname="tests.TestPUT" name="pingRequest" time="1.429"/>
  <testcase classname="tests.TestPUT" name="putReq" time="2.773"/>
  <testcase classname="tests.TestDELETE" name="pingRequest" time="1.382"/>
  <testcase classname="tests.TestDELETE" name="deleteReq" time="2.802"/>
  <testcase classname="baseClass.BasePage" name="@BeforeSuite init" time="0.0">
    <ignored/>
  </testcase> <!-- @BeforeSuite init -->
  <testcase classname="baseClass.BasePage" name="@BeforeSuite init" time="0.0">
    <ignored/>
  </testcase> <!-- @BeforeSuite init -->
  <testcase classname="baseClass.BasePage" name="@BeforeSuite init" time="0.0">
    <ignored/>
  </testcase> <!-- @BeforeSuite init -->
</testsuite> <!-- Test -->
