<?xml version="1.0" encoding="UTF-8"?>
<testsuite xmlns:xsi="http://www.w3.org/2001/XMLSchema-instance" xsi:noNamespaceSchemaLocation="https://maven.apache.org/surefire/maven-surefire-plugin/xsd/surefire-test-report-3.0.xsd" version="3.0" name="TestSuite" time="17.018" tests="8" errors="0" skipped="0" failures="0">
  <properties>
[...]
</properties>
  <testcase name="pingRequest" classname="tests.TestGET" time="2.27">
    <system-out><![CDATA[API is up and running
]]></system-out>
    <system-err><![CDATA[[main] WARN org.testng.internal.Configuration - Detected a static method [baseClass.BasePage.init()]. Static configuration methods can cause  unexpected behavior.
[main] WARN org.testng.internal.Configuration - Detected a static method [baseClass.BasePage.init()]. Static configuration methods can cause  unexpected behavior.
[main] WARN org.testng.internal.Configuration - Detected a static method [baseClass.BasePage.init()]. Static configuration methods can cause  unexpected behavior.
[main] WARN org.testng.internal.Configuration - Detected a static method [baseClass.BasePage.init()]. Static configuration methods can cause  unexpected behavior.
Apr 12, 2023 1:15:23 PM com.relevantcodes.extentreports.ExtentReports loadConfig
WARNING: Unable to perform report configuration. The file C:\Users\adnankhan02\eclipse-workspace\RestAssuredAssignment\reportConfig.xml was not found.
]]></system-err>
  </testcase>
  <testcase name="getReq" classname="tests.TestGET" time="1.561">
    <system-out><![CDATA[pingRequest
2023-04-12 13:04:356 INFO  Log4j:61 -Succesfully invoke get method
HTTP/1.1 200 OK
Server: Cowboy
Connection: keep-alive
X-Powered-By: Express
Content-Type: application/json; charset=utf-8
Content-Length: 139
Etag: W/"8b-qExbtmSqznsTfazzVbBzq35lMT0"
Date: Wed, 12 Apr 2023 07:45:28 GMT
Via: 1.1 vegur

{
    "firstname": "Eric",
    "lastname": "Brown",
    "totalprice": 173,
    "depositpaid": true,
    "bookingdates": {
        "checkin": "2020-03-14",
        "checkout": "2022-01-25"
    }
}
]]></system-out>
  </testcase>
  <testcase name="pingRequest" classname="tests.TestPOST" time="1.377">
    <system-out><![CDATA[getReq
API is up and running
]]></system-out>
  </testcase>
  <testcase name="postReq" classname="tests.TestPOST" time="1.979">
    <system-out><![CDATA[pingRequest
2023-04-12 13:04:794 INFO  Log4j:58 -Succesfully invoke post method
HTTP/1.1 200 OK
Server: Cowboy
Connection: keep-alive
X-Powered-By: Express
Content-Type: application/json; charset=utf-8
Content-Length: 197
Etag: W/"c5-nKEoopScAw2NBbS2golHrEUcctw"
Date: Wed, 12 Apr 2023 07:45:31 GMT
Via: 1.1 vegur

{
    "bookingid": 3405,
    "booking": {
        "firstname": "Jim",
        "lastname": "Brown",
        "totalprice": 111,
        "depositpaid": true,
        "bookingdates": {
            "checkin": "2018-01-01",
            "checkout": "2019-01-01"
        },
        "additionalneeds": "Breakfast"
    }
}
200
]]></system-out>
  </testcase>
  <testcase name="pingRequest" classname="tests.TestPUT" time="1.418">
    <system-out><![CDATA[postReq
API is up and running
]]></system-out>
  </testcase>
  <testcase name="putReq" classname="tests.TestPUT" time="2.775">
    <system-out><![CDATA[pingRequest
Token is :token=ba82549f6be4074
2023-04-12 13:04:66 INFO  Log4j:58 -Succesfully invoke put method
200
]]></system-out>
  </testcase>
  <testcase name="pingRequest" classname="tests.TestDELETE" time="1.384">
    <system-out><![CDATA[putReq
API is up and running
]]></system-out>
  </testcase>
  <testcase name="deleteReq" classname="tests.TestDELETE" time="2.807">
    <system-out><![CDATA[pingRequest
Token is :token=a3690fa92bac4c3
2023-04-12 13:04:303 INFO  Log4j:52 -Succesfully invoke delete method
201
]]></system-out>
  </testcase>
</testsuite>