<?xml version="1.0" encoding="UTF-8"?>
<testng-results ignored="3" total="11" passed="8" failed="0" skipped="0">
  <reporter-output>
  </reporter-output>
  <suite started-at="2023-04-12T13:15:23 IST" name="Suite" finished-at="2023-04-12T13:15:40 IST" duration-ms="16348">
    <groups>
    </groups>
    <test started-at="2023-04-12T13:15:23 IST" name="Test" finished-at="2023-04-12T13:15:40 IST" duration-ms="16348">
      <class name="tests.TestDELETE">
        <test-method is-config="true" signature="setupTest()[pri:0, instance:tests.TestDELETE@5ddeb7cb]" started-at="2023-04-12T13:15:36 IST" name="setupTest" finished-at="2023-04-12T13:15:36 IST" duration-ms="0" status="PASS">
          <reporter-output>
          </reporter-output>
        </test-method> <!-- setupTest -->
        <test-method is-config="true" signature="setUPRequest()[pri:0, instance:tests.TestDELETE@5ddeb7cb]" started-at="2023-04-12T13:15:36 IST" name="setUPRequest" finished-at="2023-04-12T13:15:36 IST" duration-ms="0" status="PASS">
          <reporter-output>
          </reporter-output>
        </test-method> <!-- setUPRequest -->
        <test-method signature="pingRequest()[pri:110, instance:tests.TestDELETE@5ddeb7cb]" started-at="2023-04-12T13:15:36 IST" name="pingRequest" finished-at="2023-04-12T13:15:37 IST" duration-ms="1382" status="PASS">
          <reporter-output>
          </reporter-output>
        </test-method> <!-- pingRequest -->
        <test-method is-config="true" signature="startTest(java.lang.reflect.Method)[pri:0, instance:tests.TestDELETE@5ddeb7cb]" started-at="2023-04-12T13:15:36 IST" name="startTest" finished-at="2023-04-12T13:15:36 IST" duration-ms="0" status="PASS">
          <params>
            <param index="0">
              <value>
                <![CDATA[public void tests.TestDELETE.pingRequest()]]>
              </value>
            </param>
          </params>
          <reporter-output>
          </reporter-output>
        </test-method> <!-- startTest -->
        <test-method is-config="true" signature="reportFlush(org.testng.ITestResult)[pri:0, instance:tests.TestDELETE@5ddeb7cb]" started-at="2023-04-12T13:15:37 IST" name="reportFlush" finished-at="2023-04-12T13:15:37 IST" duration-ms="25" status="PASS">
          <params>
            <param index="0">
              <value>
                <![CDATA[[TestResult name=pingRequest status=SUCCESS method=TestDELETE.pingRequest()[pri:110, instance:tests.TestDELETE@5ddeb7cb] output={null}]]]>
              </value>
            </param>
          </params>
          <reporter-output>
          </reporter-output>
        </test-method> <!-- reportFlush -->
        <test-method is-config="true" signature="startTest(java.lang.reflect.Method)[pri:0, instance:tests.TestDELETE@5ddeb7cb]" started-at="2023-04-12T13:15:37 IST" name="startTest" finished-at="2023-04-12T13:15:37 IST" duration-ms="1" status="PASS">
          <params>
            <param index="0">
              <value>
                <![CDATA[public void tests.TestDELETE.deleteReq()]]>
              </value>
            </param>
          </params>
          <reporter-output>
          </reporter-output>
        </test-method> <!-- startTest -->
        <test-method signature="deleteReq()[pri:510, instance:tests.TestDELETE@5ddeb7cb]" started-at="2023-04-12T13:15:37 IST" name="deleteReq" finished-at="2023-04-12T13:15:40 IST" duration-ms="2802" status="PASS">
          <reporter-output>
          </reporter-output>
        </test-method> <!-- deleteReq -->
        <test-method is-config="true" signature="setUPRequest()[pri:0, instance:tests.TestDELETE@5ddeb7cb]" started-at="2023-04-12T13:15:37 IST" name="setUPRequest" finished-at="2023-04-12T13:15:37 IST" duration-ms="0" status="PASS">
          <reporter-output>
          </reporter-output>
        </test-method> <!-- setUPRequest -->
        <test-method is-config="true" signature="reportFlush(org.testng.ITestResult)[pri:0, instance:tests.TestDELETE@5ddeb7cb]" started-at="2023-04-12T13:15:40 IST" name="reportFlush" finished-at="2023-04-12T13:15:40 IST" duration-ms="17" status="PASS">
          <params>
            <param index="0">
              <value>
                <![CDATA[[TestResult name=deleteReq status=SUCCESS method=TestDELETE.deleteReq()[pri:510, instance:tests.TestDELETE@5ddeb7cb] output={null}]]]>
              </value>
            </param>
          </params>
          <reporter-output>
          </reporter-output>
        </test-method> <!-- reportFlush -->
      </class> <!-- tests.TestDELETE -->
      <class name="tests.TestPOST">
        <test-method is-config="true" signature="startTest(java.lang.reflect.Method)[pri:0, instance:tests.TestPOST@8462f31]" started-at="2023-04-12T13:15:28 IST" name="startTest" finished-at="2023-04-12T13:15:28 IST" duration-ms="1" status="PASS">
          <params>
            <param index="0">
              <value>
                <![CDATA[public void tests.TestPOST.pingRequest()]]>
              </value>
            </param>
          </params>
          <reporter-output>
          </reporter-output>
        </test-method> <!-- startTest -->
        <test-method is-config="true" signature="setupTest()[pri:0, instance:tests.TestPOST@8462f31]" started-at="2023-04-12T13:15:28 IST" name="setupTest" finished-at="2023-04-12T13:15:28 IST" duration-ms="0" status="PASS">
          <reporter-output>
          </reporter-output>
        </test-method> <!-- setupTest -->
        <test-method is-config="true" signature="setUPRequest()[pri:0, instance:tests.TestPOST@8462f31]" started-at="2023-04-12T13:15:28 IST" name="setUPRequest" finished-at="2023-04-12T13:15:28 IST" duration-ms="0" status="PASS">
          <reporter-output>
          </reporter-output>
        </test-method> <!-- setUPRequest -->
        <test-method signature="pingRequest()[pri:201, instance:tests.TestPOST@8462f31]" started-at="2023-04-12T13:15:28 IST" name="pingRequest" finished-at="2023-04-12T13:15:29 IST" duration-ms="1377" status="PASS">
          <reporter-output>
          </reporter-output>
        </test-method> <!-- pingRequest -->
        <test-method is-config="true" signature="reportFlush(org.testng.ITestResult)[pri:0, instance:tests.TestPOST@8462f31]" started-at="2023-04-12T13:15:29 IST" name="reportFlush" finished-at="2023-04-12T13:15:29 IST" duration-ms="24" status="PASS">
          <params>
            <param index="0">
              <value>
                <![CDATA[[TestResult name=pingRequest status=SUCCESS method=TestPOST.pingRequest()[pri:201, instance:tests.TestPOST@8462f31] output={null}]]]>
              </value>
            </param>
          </params>
          <reporter-output>
          </reporter-output>
        </test-method> <!-- reportFlush -->
        <test-method signature="postReq()[pri:501, instance:tests.TestPOST@8462f31]" started-at="2023-04-12T13:15:29 IST" name="postReq" finished-at="2023-04-12T13:15:31 IST" duration-ms="1933" status="PASS">
          <reporter-output>
          </reporter-output>
        </test-method> <!-- postReq -->
        <test-method is-config="true" signature="setUPRequest()[pri:0, instance:tests.TestPOST@8462f31]" started-at="2023-04-12T13:15:29 IST" name="setUPRequest" finished-at="2023-04-12T13:15:29 IST" duration-ms="0" status="PASS">
          <reporter-output>
          </reporter-output>
        </test-method> <!-- setUPRequest -->
        <test-method is-config="true" signature="startTest(java.lang.reflect.Method)[pri:0, instance:tests.TestPOST@8462f31]" started-at="2023-04-12T13:15:29 IST" name="startTest" finished-at="2023-04-12T13:15:29 IST" duration-ms="0" status="PASS">
          <params>
            <param index="0">
              <value>
                <![CDATA[public void tests.TestPOST.postReq() throws java.lang.Exception]]>
              </value>
            </param>
          </params>
          <reporter-output>
          </reporter-output>
        </test-method> <!-- startTest -->
        <test-method is-config="true" signature="reportFlush(org.testng.ITestResult)[pri:0, instance:tests.TestPOST@8462f31]" started-at="2023-04-12T13:15:31 IST" name="reportFlush" finished-at="2023-04-12T13:15:31 IST" duration-ms="33" status="PASS">
          <params>
            <param index="0">
              <value>
                <![CDATA[[TestResult name=postReq status=SUCCESS method=TestPOST.postReq()[pri:501, instance:tests.TestPOST@8462f31] output={null}]]]>
              </value>
            </param>
          </params>
          <reporter-output>
          </reporter-output>
        </test-method> <!-- reportFlush -->
      </class> <!-- tests.TestPOST -->
      <class name="tests.TestGET">
        <test-method is-config="true" signature="init()[pri:0, instance:tests.TestGET@402c4085]" started-at="2023-04-12T13:15:23 IST" name="init" finished-at="2023-04-12T13:15:23 IST" duration-ms="106" status="PASS">
          <reporter-output>
          </reporter-output>
        </test-method> <!-- init -->
        <test-method is-config="true" signature="setupTest()[pri:0, instance:tests.TestGET@402c4085]" started-at="2023-04-12T13:15:23 IST" name="setupTest" finished-at="2023-04-12T13:15:23 IST" duration-ms="0" status="PASS">
          <reporter-output>
          </reporter-output>
        </test-method> <!-- setupTest -->
        <test-method is-config="true" signature="startTest(java.lang.reflect.Method)[pri:0, instance:tests.TestGET@402c4085]" started-at="2023-04-12T13:15:23 IST" name="startTest" finished-at="2023-04-12T13:15:24 IST" duration-ms="422" status="PASS">
          <params>
            <param index="0">
              <value>
                <![CDATA[public void tests.TestGET.pingRequest()]]>
              </value>
            </param>
          </params>
          <reporter-output>
          </reporter-output>
        </test-method> <!-- startTest -->
        <test-method is-config="true" signature="setUPRequest()[pri:0, instance:tests.TestGET@402c4085]" started-at="2023-04-12T13:15:24 IST" name="setUPRequest" finished-at="2023-04-12T13:15:24 IST" duration-ms="1" status="PASS">
          <reporter-output>
          </reporter-output>
        </test-method> <!-- setUPRequest -->
        <test-method signature="pingRequest()[pri:201, instance:tests.TestGET@402c4085]" started-at="2023-04-12T13:15:24 IST" name="pingRequest" finished-at="2023-04-12T13:15:26 IST" duration-ms="2267" status="PASS">
          <reporter-output>
          </reporter-output>
        </test-method> <!-- pingRequest -->
        <test-method is-config="true" signature="reportFlush(org.testng.ITestResult)[pri:0, instance:tests.TestGET@402c4085]" started-at="2023-04-12T13:15:26 IST" name="reportFlush" finished-at="2023-04-12T13:15:26 IST" duration-ms="191" status="PASS">
          <params>
            <param index="0">
              <value>
                <![CDATA[[TestResult name=pingRequest status=SUCCESS method=TestGET.pingRequest()[pri:201, instance:tests.TestGET@402c4085] output={null}]]]>
              </value>
            </param>
          </params>
          <reporter-output>
          </reporter-output>
        </test-method> <!-- reportFlush -->
        <test-method is-config="true" signature="startTest(java.lang.reflect.Method)[pri:0, instance:tests.TestGET@402c4085]" started-at="2023-04-12T13:15:26 IST" name="startTest" finished-at="2023-04-12T13:15:26 IST" duration-ms="2" status="PASS">
          <params>
            <param index="0">
              <value>
                <![CDATA[public void tests.TestGET.getReq() throws java.lang.Exception]]>
              </value>
            </param>
          </params>
          <reporter-output>
          </reporter-output>
        </test-method> <!-- startTest -->
        <test-method is-config="true" signature="setUPRequest()[pri:0, instance:tests.TestGET@402c4085]" started-at="2023-04-12T13:15:26 IST" name="setUPRequest" finished-at="2023-04-12T13:15:26 IST" duration-ms="1" status="PASS">
          <reporter-output>
          </reporter-output>
        </test-method> <!-- setUPRequest -->
        <test-method signature="getReq()[pri:501, instance:tests.TestGET@402c4085]" started-at="2023-04-12T13:15:26 IST" name="getReq" finished-at="2023-04-12T13:15:28 IST" duration-ms="1527" status="PASS">
          <reporter-output>
          </reporter-output>
        </test-method> <!-- getReq -->
        <test-method is-config="true" signature="reportFlush(org.testng.ITestResult)[pri:0, instance:tests.TestGET@402c4085]" started-at="2023-04-12T13:15:28 IST" name="reportFlush" finished-at="2023-04-12T13:15:28 IST" duration-ms="42" status="PASS">
          <params>
            <param index="0">
              <value>
                <![CDATA[[TestResult name=getReq status=SUCCESS method=TestGET.getReq()[pri:501, instance:tests.TestGET@402c4085] output={null}]]]>
              </value>
            </param>
          </params>
          <reporter-output>
          </reporter-output>
        </test-method> <!-- reportFlush -->
      </class> <!-- tests.TestGET -->
      <class name="tests.TestPUT">
        <test-method is-config="true" signature="setupTest()[pri:0, instance:tests.TestPUT@24569dba]" started-at="2023-04-12T13:15:31 IST" name="setupTest" finished-at="2023-04-12T13:15:31 IST" duration-ms="1" status="PASS">
          <reporter-output>
          </reporter-output>
        </test-method> <!-- setupTest -->
        <test-method is-config="true" signature="startTest(java.lang.reflect.Method)[pri:0, instance:tests.TestPUT@24569dba]" started-at="2023-04-12T13:15:31 IST" name="startTest" finished-at="2023-04-12T13:15:31 IST" duration-ms="1" status="PASS">
          <params>
            <param index="0">
              <value>
                <![CDATA[public void tests.TestPUT.pingRequest()]]>
              </value>
            </param>
          </params>
          <reporter-output>
          </reporter-output>
        </test-method> <!-- startTest -->
        <test-method signature="pingRequest()[pri:201, instance:tests.TestPUT@24569dba]" started-at="2023-04-12T13:15:31 IST" name="pingRequest" finished-at="2023-04-12T13:15:33 IST" duration-ms="1429" status="PASS">
          <reporter-output>
          </reporter-output>
        </test-method> <!-- pingRequest -->
        <test-method is-config="true" signature="setUPRequest()[pri:0, instance:tests.TestPUT@24569dba]" started-at="2023-04-12T13:15:31 IST" name="setUPRequest" finished-at="2023-04-12T13:15:31 IST" duration-ms="0" status="PASS">
          <reporter-output>
          </reporter-output>
        </test-method> <!-- setUPRequest -->
        <test-method is-config="true" signature="reportFlush(org.testng.ITestResult)[pri:0, instance:tests.TestPUT@24569dba]" started-at="2023-04-12T13:15:33 IST" name="reportFlush" finished-at="2023-04-12T13:15:33 IST" duration-ms="28" status="PASS">
          <params>
            <param index="0">
              <value>
                <![CDATA[[TestResult name=pingRequest status=SUCCESS method=TestPUT.pingRequest()[pri:201, instance:tests.TestPUT@24569dba] output={null}]]]>
              </value>
            </param>
          </params>
          <reporter-output>
          </reporter-output>
        </test-method> <!-- reportFlush -->
        <test-method is-config="true" signature="setUPRequest()[pri:0, instance:tests.TestPUT@24569dba]" started-at="2023-04-12T13:15:33 IST" name="setUPRequest" finished-at="2023-04-12T13:15:33 IST" duration-ms="1" status="PASS">
          <reporter-output>
          </reporter-output>
        </test-method> <!-- setUPRequest -->
        <test-method is-config="true" signature="startTest(java.lang.reflect.Method)[pri:0, instance:tests.TestPUT@24569dba]" started-at="2023-04-12T13:15:33 IST" name="startTest" finished-at="2023-04-12T13:15:33 IST" duration-ms="0" status="PASS">
          <params>
            <param index="0">
              <value>
                <![CDATA[public void tests.TestPUT.putReq()]]>
              </value>
            </param>
          </params>
          <reporter-output>
          </reporter-output>
        </test-method> <!-- startTest -->
        <test-method signature="putReq()[pri:501, instance:tests.TestPUT@24569dba]" started-at="2023-04-12T13:15:33 IST" name="putReq" finished-at="2023-04-12T13:15:36 IST" duration-ms="2773" status="PASS">
          <reporter-output>
          </reporter-output>
        </test-method> <!-- putReq -->
        <test-method is-config="true" signature="reportFlush(org.testng.ITestResult)[pri:0, instance:tests.TestPUT@24569dba]" started-at="2023-04-12T13:15:36 IST" name="reportFlush" finished-at="2023-04-12T13:15:36 IST" duration-ms="26" status="PASS">
          <params>
            <param index="0">
              <value>
                <![CDATA[[TestResult name=putReq status=SUCCESS method=TestPUT.putReq()[pri:501, instance:tests.TestPUT@24569dba] output={null}]]]>
              </value>
            </param>
          </params>
          <reporter-output>
          </reporter-output>
        </test-method> <!-- reportFlush -->
      </class> <!-- tests.TestPUT -->
    </test> <!-- Test -->
  </suite> <!-- Suite -->
</testng-results>
